Using pre-set license
Built from '2020.3/release' branch; Version is '2020.3.27f1 (e759542391ea) revision 15161684'; Using compiler version '192528614'; Build Type 'Release'
OS: 'Windows 10  (10.0.19044) 64bit Core' Language: 'en' Physical Memory: 32681 MB
BatchMode: 1, IsHumanControllingUs: 0, StartBugReporterOnCrash: 0, Is64bit: 1, IsPro: 0

COMMAND LINE ARGUMENTS:
C:\Program Files\Unity\Hub\Editor\2020.3.27f1\Editor\Unity.exe
-adb2
-batchMode
-noUpm
-name
AssetImportWorker0
-projectPath
C:/Users/Brett/Documents/GitHub/Cert4-GA-AI-Intro
-logFile
Logs/AssetImportWorker0.log
-srvPort
59552
Successfully changed project path to: C:/Users/Brett/Documents/GitHub/Cert4-GA-AI-Intro
C:/Users/Brett/Documents/GitHub/Cert4-GA-AI-Intro
Using Asset Import Pipeline V2.
Refreshing native plugins compatible for Editor in 43.75 ms, found 3 plugins.
Preloading 0 native plugins for Editor in 0.00 ms.
Initialize engine version: 2020.3.27f1 (e759542391ea)
[Subsystems] Discovering subsystems at path C:/Program Files/Unity/Hub/Editor/2020.3.27f1/Editor/Data/Resources/UnitySubsystems
[Subsystems] Discovering subsystems at path C:/Users/Brett/Documents/GitHub/Cert4-GA-AI-Intro/Assets
GfxDevice: creating device client; threaded=0
Direct3D:
    Version:  Direct3D 11.0 [level 11.1]
    Renderer: NVIDIA GeForce GTX 1080 (ID=0x1b80)
    Vendor:   
    VRAM:     8079 MB
    Driver:   30.0.15.1123
Initialize mono
Mono path[0] = 'C:/Program Files/Unity/Hub/Editor/2020.3.27f1/Editor/Data/Managed'
Mono path[1] = 'C:/Program Files/Unity/Hub/Editor/2020.3.27f1/Editor/Data/MonoBleedingEdge/lib/mono/unityjit'
Mono config path = 'C:/Program Files/Unity/Hub/Editor/2020.3.27f1/Editor/Data/MonoBleedingEdge/etc'
Using monoOptions --debugger-agent=transport=dt_socket,embedding=1,server=y,suspend=n,address=127.0.0.1:56784
Begin MonoManager ReloadAssembly
Registering precompiled unity dll's ...
Register platform support module: C:/Program Files/Unity/Hub/Editor/2020.3.27f1/Editor/Data/PlaybackEngines/WindowsStandaloneSupport/UnityEditor.WindowsStandalone.Extensions.dll
Registered in 0.001885 seconds.
Native extension for WindowsStandalone target not found
Refreshing native plugins compatible for Editor in 41.96 ms, found 3 plugins.
Preloading 0 native plugins for Editor in 0.00 ms.
Mono: successfully reloaded assembly
- Completed reload, in  0.502 seconds
Domain Reload Profiling:
	ReloadAssembly (502ms)
		BeginReloadAssembly (54ms)
			ExecutionOrderSort (0ms)
			DisableScriptedObjects (0ms)
			BackupInstance (0ms)
			ReleaseScriptingObjects (0ms)
			CreateAndSetChildDomain (1ms)
		EndReloadAssembly (386ms)
			LoadAssemblies (52ms)
			RebuildTransferFunctionScriptingTraits (0ms)
			SetupTypeCache (123ms)
			ReleaseScriptCaches (0ms)
			RebuildScriptCaches (25ms)
			SetupLoadedEditorAssemblies (150ms)
				LogAssemblyErrors (0ms)
				InitializePlatformSupportModulesInManaged (4ms)
				SetLoadedEditorAssemblies (0ms)
				RefreshPlugins (42ms)
				BeforeProcessingInitializeOnLoad (14ms)
				ProcessInitializeOnLoadAttributes (67ms)
				ProcessInitializeOnLoadMethodAttributes (23ms)
				AfterProcessingInitializeOnLoad (0ms)
				EditorAssembliesLoaded (0ms)
			ExecutionOrderSort2 (0ms)
			AwakeInstancesAfterBackupRestoration (0ms)
Platform modules already initialized, skipping
Registering precompiled user dll's ...
Registered in 0.004104 seconds.
Begin MonoManager ReloadAssembly
Native extension for WindowsStandalone target not found
Refreshing native plugins compatible for Editor in 39.64 ms, found 3 plugins.
Preloading 0 native plugins for Editor in 0.00 ms.
Mono: successfully reloaded assembly
- Completed reload, in  0.942 seconds
Domain Reload Profiling:
	ReloadAssembly (943ms)
		BeginReloadAssembly (125ms)
			ExecutionOrderSort (0ms)
			DisableScriptedObjects (4ms)
			BackupInstance (0ms)
			ReleaseScriptingObjects (0ms)
			CreateAndSetChildDomain (17ms)
		EndReloadAssembly (762ms)
			LoadAssemblies (81ms)
			RebuildTransferFunctionScriptingTraits (0ms)
			SetupTypeCache (255ms)
			ReleaseScriptCaches (1ms)
			RebuildScriptCaches (40ms)
			SetupLoadedEditorAssemblies (290ms)
				LogAssemblyErrors (0ms)
				InitializePlatformSupportModulesInManaged (3ms)
				SetLoadedEditorAssemblies (0ms)
				RefreshPlugins (40ms)
				BeforeProcessingInitializeOnLoad (71ms)
				ProcessInitializeOnLoadAttributes (157ms)
				ProcessInitializeOnLoadMethodAttributes (13ms)
				AfterProcessingInitializeOnLoad (6ms)
				EditorAssembliesLoaded (0ms)
			ExecutionOrderSort2 (0ms)
			AwakeInstancesAfterBackupRestoration (5ms)
Platform modules already initialized, skipping
========================================================================
Worker process is ready to serve import requests
Launched and connected shader compiler UnityShaderCompiler.exe after 0.05 seconds
Refreshing native plugins compatible for Editor in 0.56 ms, found 3 plugins.
Preloading 0 native plugins for Editor in 0.00 ms.
Unloading 2199 Unused Serialized files (Serialized files now loaded: 0)
System memory in use before: 96.2 MB.
System memory in use after: 96.1 MB.

Unloading 34 unused Assets to reduce memory usage. Loaded Objects now: 2627.
Total: 3.091500 ms (FindLiveObjects: 0.215600 ms CreateObjectMapping: 0.051000 ms MarkObjects: 2.701100 ms  DeleteObjects: 0.122100 ms)

AssetImportParameters requested are different than current active one (requested -> active):
  custom:framework-win-MediaFoundation: 216162199b28c13a410421893ffa2e32 -> 
  custom:video-decoder-ogg-theora: a1e56fd34408186e4bbccfd4996cb3dc -> 
  custom:container-muxer-webm: aa71ff27fc2769a1b78a27578f13a17b -> 
  custom:container-demuxer-webm: 4f35f7cbe854078d1ac9338744f61a02 -> 
  custom:container-demuxer-ogg: 62fdf1f143b41e24485cea50d1cbac27 -> 
  custom:video-encoder-webm-vp8: eb34c28f22e8b96e1ab97ce403110664 -> 
  custom:video-decoder-webm-vp8: 9c59270c3fd7afecdb556c50c9e8de78 -> 
  custom:audio-decoder-ogg-vorbis: bf7c407c2cedff20999df2af8eb42d56 -> 
  custom:audio-encoder-webm-vorbis: bf7c407c2cedff20999df2af8eb42d56 -> 
========================================================================
Received Import Request.
  path: Assets/Scenes/Tilemap.unity
  artifactKey: Guid(83c4ea4db78e5244ba80b8af86fbca49) Importer(815301076,1909f56bfc062723c751e8b465ee728b)
Start importing Assets/Scenes/Tilemap.unity using Guid(83c4ea4db78e5244ba80b8af86fbca49) Importer(815301076,1909f56bfc062723c751e8b465ee728b)  -> (artifact id: '57130320369e68f5cadb2e2aa0836c0f') in 0.020546 seconds 
  Import took 0.023855 seconds .

========================================================================
Received Import Request.
  Time since last request: 163.704001 seconds.
  path: Assets/Sprites/Kenney
  artifactKey: Guid(aa64f0ed980d8a7469ed91680554b201) Importer(815301076,1909f56bfc062723c751e8b465ee728b)
Start importing Assets/Sprites/Kenney using Guid(aa64f0ed980d8a7469ed91680554b201) Importer(815301076,1909f56bfc062723c751e8b465ee728b)  -> (artifact id: '68e878a1e37e0ce6241af8ca9dcaf495') in 0.007286 seconds 
  Import took 0.010868 seconds .

========================================================================
Received Import Request.
  Time since last request: 18.925595 seconds.
  path: Assets/Sprites/Kenney/Ships
  artifactKey: Guid(e92e34a4ed6059c48848441f846bfeca) Importer(815301076,1909f56bfc062723c751e8b465ee728b)
Start importing Assets/Sprites/Kenney/Ships using Guid(e92e34a4ed6059c48848441f846bfeca) Importer(815301076,1909f56bfc062723c751e8b465ee728b)  -> (artifact id: '52aedf5b77638461a27707d22fb339df') in 0.007271 seconds 
  Import took 0.010588 seconds .

========================================================================
Received Import Request.
  Time since last request: 32.482500 seconds.
  path: Assets/Sprites/Kenney/Tilemap/tiles.png
  artifactKey: Guid(d8adeb8f648e5d74fbbb06359652b442) Importer(815301076,1909f56bfc062723c751e8b465ee728b)
Start importing Assets/Sprites/Kenney/Tilemap/tiles.png using Guid(d8adeb8f648e5d74fbbb06359652b442) Importer(815301076,1909f56bfc062723c751e8b465ee728b)  -> (artifact id: 'd40efd7e1b333344ec852792b4512a5d') in 0.090999 seconds 
  Import took 0.094390 seconds .

========================================================================
Received Import Request.
  Time since last request: 6.787706 seconds.
  path: Assets/Sprites/Kenney/Tilemap/tiles_packed.png
  artifactKey: Guid(d12340737b5496a40a0079a7189d880e) Importer(815301076,1909f56bfc062723c751e8b465ee728b)
Start importing Assets/Sprites/Kenney/Tilemap/tiles_packed.png using Guid(d12340737b5496a40a0079a7189d880e) Importer(815301076,1909f56bfc062723c751e8b465ee728b)  -> (artifact id: '1f73017125c112deb40c3c4335dcac6b') in 0.014027 seconds 
  Import took 0.017330 seconds .

========================================================================
Received Import Request.
  Time since last request: 182.586163 seconds.
  path: Assets/Sprites/Kenney/Tilemap/tiles_packed.png
  artifactKey: Guid(d12340737b5496a40a0079a7189d880e) Importer(815301076,1909f56bfc062723c751e8b465ee728b)
Start importing Assets/Sprites/Kenney/Tilemap/tiles_packed.png using Guid(d12340737b5496a40a0079a7189d880e) Importer(815301076,1909f56bfc062723c751e8b465ee728b)  -> (artifact id: '834a9e93322d53098c3cf6a770628679') in 0.010306 seconds 
  Import took 0.013897 seconds .

========================================================================
Received Import Request.
  Time since last request: 205.787562 seconds.
  path: Assets/Sprites/Kenney/Tilemap/tiles_packed.png
  artifactKey: Guid(d12340737b5496a40a0079a7189d880e) Importer(815301076,1909f56bfc062723c751e8b465ee728b)
Start importing Assets/Sprites/Kenney/Tilemap/tiles_packed.png using Guid(d12340737b5496a40a0079a7189d880e) Importer(815301076,1909f56bfc062723c751e8b465ee728b)  -> (artifact id: '0572e06681a2eabd021c7bc938654961') in 0.163194 seconds 
  Import took 0.167129 seconds .

========================================================================
Received Import Request.
  Time since last request: 150.795469 seconds.
  path: Assets/Sprites/Kenney/New folder
  artifactKey: Guid(578cc7185943c1c4199f857edc88f543) Importer(815301076,1909f56bfc062723c751e8b465ee728b)
Start importing Assets/Sprites/Kenney/New folder using Guid(578cc7185943c1c4199f857edc88f543) Importer(815301076,1909f56bfc062723c751e8b465ee728b)  -> (artifact id: '45eb866a955997761cc0bfe145b848ef') in 0.006269 seconds 
  Import took 0.010083 seconds .

AssetImportWorkerClient::OnTransportError - code=2 error=End of file
